/Volumes/NebulaHDD/Lab/IntanEphys/MD-071216
20-Jul-2016
md
---------------------
normal
     1

     4

     6

     5

   10.5000

   10.7500

---------------------
md
---------------------
normal
     3

    10

    8.3333

   10.3333

   15.2000

   16.1000

---------------------
md
---------------------
normal
    11

    16

   44.3636

   46.3636

   40.3750

   42.1875

---------------------
md
---------------------
normal
     8

     8

   24.6250

   27.2500

   18.3750

    19

---------------------
/Volumes/NebulaHDD/Lab/IntanEphys/MD-071216
20-Jul-2016
md
---------------------
normal
     1

     4

     1

     0

    1.2500

     0

---------------------
md
---------------------
normal
     3

    10

     1

    0.6667

    1.8000

    0.3000

---------------------
md
---------------------
normal
    11

    16

   13.8182

   13.5455

   11.1250

   10.3750

---------------------
md
---------------------
normal
     8

     8

    7.7500

     7

    4.5000

     4

---------------------
