/Users/DoerLBH/Dropbox/git/OLab_IntanEphys/Data/IntanEphys/MD-071216
07-Aug-2016
md
---------------------
normal
     2

     5

    1.5000

    4.5000

   14.4000

    5.8000

---------------------
md
---------------------
normal
     4

    11

    8.5000

    8.2500

   15.5455

    8.1818

---------------------
md
---------------------
normal
    12

    17

   12.2500

   13.2500

   15.5294

   12.5882

---------------------
md
---------------------
normal
     9

     9

    9.8889

   10.1111

   13.8889

    8.7778

---------------------
