/Volumes/NebulaHDD/Lab/IntanEphys/MD-071916
20-Jul-2016
MD-S#1
---------------------
normal
    13

    12

    1.9231

    0.6923

    8.4167

     3

---------------------
MD-S#2
---------------------
normal
    32

    35

    7.9062

    2.7500

    9.7714

    5.2286

---------------------
MD-S#3
---------------------
normal
    19

    14

    2.6842

    2.7368

    5.7143

    3.3571

---------------------
MD-S#5
---------------------
normal
    10

     9

    1.6000

    0.5000

    6.1111

     3

---------------------
