/Volumes/NebulaHDD/Lab/IntanEphys/MD-071116-2
20-Jul-2016
md-071116-2-s1
---------------------
normal
    20

    22

    1.2000

    0.8500

    1.3636

    1.0455

---------------------
md-071116-2-s2
---------------------
normal
    51

    54

    1.3137

    0.3922

    2.6481

    1.0370

---------------------
md-071116-2-s4
---------------------
normal
    19

    21

    4.7368

    3.6842

    5.3333

    3.6190

---------------------
/Volumes/NebulaHDD/Lab/IntanEphys/MD-071116-2
20-Jul-2016
md-071116-2-s1
---------------------
normal
    20

    22

    1.4000

    2.1500

    2.0909

     2

---------------------
md-071116-2-s2
---------------------
normal
    51

    54

    1.8235

    1.0196

    4.8333

    1.7407

---------------------
md-071116-2-s4
---------------------
normal
    19

    21

    8.8421

    8.4737

   11.1429

    7.0952

---------------------
/Volumes/NebulaHDD/Lab/IntanEphys/MD-071116-2
20-Jul-2016
md-071116-2-s1
---------------------
normal
    20

    22

     0

     0

    0.1364

    1.3182

---------------------
md-071116-2-s2
---------------------
normal
    51

    54

     0

     0

    0.1481

    1.0741

---------------------
md-071116-2-s4
---------------------
normal
    19

    21

    0.1053

     0

    0.0476

    1.4286

---------------------
/Volumes/NebulaHDD/Lab/IntanEphys/MD-071116-2
20-Jul-2016
md-071116-2-s1
---------------------
normal
    20

    22

    1.9000

    2.9500

    3.1818

    3.4545

---------------------
md-071116-2-s2
---------------------
normal
    51

    54

    2.6471

    1.8824

    6.0741

    3.1481

---------------------
md-071116-2-s4
---------------------
normal
    19

    21

   11.2632

   10.5263

   14.5238

    9.5714

---------------------
