/Users/DoerLBH/Dropbox/git/OLab_IntanEphys/Data/IntanEphys/MD-071416
07-Aug-2016
MD-071416-s10
---------------------
normal
    16

    15

    0.7500

    1.1250

    1.8667

    1.9333

---------------------
MD-071416-s1
---------------------
normal
    45

    40

    1.5333

    1.8889

    5.4250

    2.9500

---------------------
MD-071416-s2
---------------------
normal
    31

    32

    1.1935

    1.9355

    2.9375

    1.7188

---------------------
MD-071416-s3
---------------------
normal
    23

    17

    1.0870

    1.5652

    4.8824

    1.4118

---------------------
MD-071416-s4
---------------------
normal
    15

    13

    0.4000

    1.3333

    1.4615

    1.3846

---------------------
MD-071416-s5
---------------------
normal
    30

    26

    0.5667

    1.2333

    1.8846

    1.4231

---------------------
MD-071416-s6
---------------------
normal
    24

    23

     2

    1.0833

    1.9565

    2.0435

---------------------
MD-071416-s7
---------------------
normal
    17

    14

     1

    1.4118

    1.7143

    1.3571

---------------------
MD-071416-s8
---------------------
normal
    18

    16

    1.4444

    1.5556

    2.3750

    2.7500

---------------------
MD-071416-s9
---------------------
normal
    16

    17

    0.3125

    0.9375

    2.7059

    1.2941

---------------------
