/Volumes/NebulaHDD/Lab/IntanEphys/MD-071116
14-Jul-2016
ctrl-071116-s10
---------------------
normal
    24

    17

   24.0833

   21.0417

   33.4118

   24.8235

---------------------
ctrl-071116-s11
---------------------
normal
    21

    21

   24.0476

   23.2857

   17.9524

   25.5714

---------------------
ctrl-071116-s1
---------------------
normal
    60

    45

    9.2833

   10.5333

    8.5778

   10.0667

---------------------
ctrl-071116-s2
---------------------
normal
    51

    48

   10.9608

   11.8431

   11.1042

   14.4375

---------------------
ctrl-071116-s3
---------------------
normal
    44

    38

   11.4318

    8.6364

   12.2895

    8.7895

---------------------
ctrl-071116-s4
---------------------
normal
    76

    63

    8.3026

    6.3684

    8.2381

    5.6984

---------------------
ctrl-071116-s5
---------------------
normal
    77

    59

   11.8182

   13.0390

   11.3220

   15.3051

---------------------
ctrl-071116-s6
---------------------
normal
    49

    38

   22.4082

   19.7755

   19.2105

   27.7895

---------------------
ctrl-071116-s7
---------------------
normal
   110

    93

   12.1000

    8.2545

   13.2903

   11.1720

---------------------
ctrl-071116-s8
---------------------
normal
    59

    48

   23.1356

   18.8475

   19.4375

   17.2708

---------------------
ctrl-071116-s9
---------------------
normal
    31

    13

   17.5806

   13.2903

   16.2308

   13.2308

---------------------
