/Volumes/NebulaHDD/Lab/IntanEphys/MD-070516
20-Jul-2016
md-s1-
---------------------
normal
    12

    12

    0.6667

    0.1667

    3.3333

    13

---------------------
md-s10
---------------------
normal
    30

    31

    2.8667

    2.0667

    7.7419

   12.8387

---------------------
md-s12
---------------------
normal
    25

    24

    4.2800

    2.6800

   10.3333

   11.0833

---------------------
md-s12a
---------------------
normal
    27

    36

    0.4074

    0.1111

    5.8889

    8.7500

---------------------
md-s13
---------------------
normal
    25

    26

    0.4800

    0.7200

    3.6538

    7.0769

---------------------
md-s14
---------------------
normal
    34

    29

    5.1176

    4.7647

    6.7241

    8.0345

---------------------
md-s15
---------------------
normal
    28

    26

    2.5714

    0.6786

    3.0385

    6.3077

---------------------
md-s16
---------------------
normal
    26

    22

    1.3077

    2.7692

    3.1818

    9.4091

---------------------
md-s17
---------------------
normal
    31

    32

   14.0645

    5.3548

   19.7500

    7.0938

---------------------
md-s18
---------------------
normal
    26

    24

    6.3846

    3.1923

   14.0417

    7.7917

---------------------
md-s2
---------------------
normal
    29

    33

    2.2759

   14.9310

    4.0606

   17.5758

---------------------
md-s3
---------------------
normal
    34

    36

    1.8235

     6

    5.9167

    9.4722

---------------------
md-s4
---------------------
normal
    24

    27

     2

    0.8750

    5.1852

    7.7778

---------------------
md-s5
---------------------
normal
    30

    34

    1.3000

    1.3000

    4.2353

    5.7059

---------------------
md-s6
---------------------
normal
    24

    25

    0.4167

    0.3750

    2.9600

    5.4800

---------------------
md-s7
---------------------
normal
    56

    56

    1.3036

    2.2321

    3.8750

    4.8214

---------------------
md-s8
---------------------
normal
    36

    37

    3.6111

    1.9444

    5.9189

    7.0541

---------------------
md-s9
---------------------
normal
    58

    56

    2.8793

    2.7759

    3.5536

   10.1250

---------------------
/Volumes/NebulaHDD/Lab/IntanEphys/MD-070516
20-Jul-2016
md-s1-
---------------------
normal
    12

    12

    0.2500

     0

     2

    4.8333

---------------------
md-s10
---------------------
normal
    30

    31

    0.9000

    0.6667

    3.1290

     4

---------------------
md-s12
---------------------
normal
    25

    24

    1.6800

    0.9200

    4.5417

    4.0417

---------------------
md-s12a
---------------------
normal
    27

    36

    0.1111

    0.0370

    3.9444

    4.7778

---------------------
md-s13
---------------------
normal
    25

    26

    0.1200

    0.1600

    1.8462

    2.8077

---------------------
md-s14
---------------------
normal
    34

    29

    3.2353

    2.5588

    3.9655

    3.4483

---------------------
md-s15
---------------------
normal
    28

    26

    1.1071

    0.3571

    1.9231

    2.1923

---------------------
md-s16
---------------------
normal
    26

    22

    0.7308

    1.6538

    2.1364

    4.1818

---------------------
md-s17
---------------------
normal
    31

    32

    7.0323

    2.4516

   10.7188

    2.8438

---------------------
md-s18
---------------------
normal
    26

    24

    3.9615

    1.8077

    8.2917

    3.0833

---------------------
md-s2
---------------------
normal
    29

    33

    0.6207

    5.8966

    1.8788

    5.3939

---------------------
md-s3
---------------------
normal
    34

    36

    0.5294

    2.7647

    2.6111

    3.4444

---------------------
md-s4
---------------------
normal
    24

    27

    0.4583

    0.2500

    2.2222

    2.6296

---------------------
md-s5
---------------------
normal
    30

    34

    0.2667

    0.1000

    1.6765

    1.5882

---------------------
md-s6
---------------------
normal
    24

    25

    0.1250

    0.0417

    1.8400

    1.8000

---------------------
md-s7
---------------------
normal
    56

    56

    0.2143

    0.4464

    1.5536

    1.3571

---------------------
md-s8
---------------------
normal
    36

    37

     1

    0.3611

    2.9459

    2.4054

---------------------
md-s9
---------------------
normal
    58

    56

    1.1379

    1.1207

    2.0714

    3.8036

---------------------
/Volumes/NebulaHDD/Lab/IntanEphys/MD-070516
20-Jul-2016
md-s1-
---------------------
normal
    12

    12

    1.2500

    0.5833

    5.3333

   20.8333

---------------------
md-s10
---------------------
normal
    30

    31

    5.1333

    3.4667

   12.7097

   20.8065

---------------------
md-s12
---------------------
normal
    25

    24

     7

     7

   17.4583

   19.2083

---------------------
md-s12a
---------------------
normal
    27

    36

    0.8148

    0.2593

    8.5278

   13.5278

---------------------
md-s13
---------------------
normal
    25

    26

    1.3200

    1.5600

    6.6154

   11.1154

---------------------
md-s14
---------------------
normal
    34

    29

    8.2941

    7.3235

   10.5172

   13.6207

---------------------
md-s15
---------------------
normal
    28

    26

    4.2857

    1.0714

    4.7308

   10.3077

---------------------
md-s16
---------------------
normal
    26

    22

    2.3462

    3.7692

    5.1818

    15

---------------------
md-s17
---------------------
normal
    31

    32

   21.2258

    9.0645

   30.6875

   11.2500

---------------------
md-s18
---------------------
normal
    26

    24

   10.0769

    4.8846

   21.1667

   12.5000

---------------------
md-s2
---------------------
normal
    29

    33

    4.6552

   25.1379

    6.3636

   29.4545

---------------------
md-s3
---------------------
normal
    34

    36

    4.8235

   11.6176

   10.7222

   17.5556

---------------------
md-s4
---------------------
normal
    24

    27

    5.3750

    2.8333

    9.5556

   14.4444

---------------------
md-s5
---------------------
normal
    30

    34

    2.7000

    3.5667

    8.1765

   10.6765

---------------------
md-s6
---------------------
normal
    24

    25

    1.4583

    1.0417

    5.4400

    9.9200

---------------------
md-s7
---------------------
normal
    56

    56

    3.0179

    4.6250

    7.4464

    8.8929

---------------------
md-s8
---------------------
normal
    36

    37

    8.4167

    5.3056

   12.0270

   14.1892

---------------------
md-s9
---------------------
normal
    58

    56

    5.8276

    5.0517

    6.7679

   17.7321

---------------------
