/Volumes/NebulaHDD/Lab/IntanEphys/MD-071416
20-Jul-2016
MD-071416-s10
---------------------
normal
    15

    14

   10.2667

    2.5333

    6.9286

   10.9286

---------------------
MD-071416-s1
---------------------
normal
    44

    39

    5.1818

    2.7273

   13.4615

    5.3846

---------------------
MD-071416-s2
---------------------
normal
    30

    31

     4

    2.1667

   12.8710

    1.3226

---------------------
MD-071416-s3
---------------------
normal
    22

    16

    3.2273

    3.3182

   10.8125

    3.8125

---------------------
MD-071416-s4
---------------------
normal
    14

    12

    3.2143

    1.2857

     2

    0.7500

---------------------
MD-071416-s5
---------------------
normal
    29

    25

    3.2069

    1.0345

    4.3600

    2.2800

---------------------
MD-071416-s6
---------------------
normal
    23

    22

    3.4783

    1.3043

    2.5455

    2.0909

---------------------
MD-071416-s7
---------------------
normal
    16

    13

    3.3750

    1.4375

    2.0769

    1.2308

---------------------
MD-071416-s8
---------------------
normal
    17

    15

    3.0588

    1.7647

    4.1333

     2

---------------------
MD-071416-s9
---------------------
normal
    15

    16

    3.2000

    1.7333

    2.9375

     1

---------------------
