/Users/DoerLBH/Dropbox/git/OLab_IntanEphys/Data/IntanEphys/MD-070516-2
07-Aug-2016
md-s10
---------------------
normal
     5

     8

     0

    0.2000

    0.5000

    1.2500

---------------------
md-s11
---------------------
normal
    14

    15

     0

    0.1429

    0.4000

    1.6000

---------------------
md-s13
---------------------
normal
    18

    24

    3.2222

    3.8333

    5.3333

    4.4167

---------------------
md-s14
---------------------
normal
    27

    29

    4.2593

    1.6667

    6.4138

    1.9655

---------------------
md-s15
---------------------
normal
     9

    13

     0

    1.1111

    0.7692

    1.6154

---------------------
md-s1
---------------------
normal
    20

    31

    1.4500

    0.4500

    1.8387

    1.5484

---------------------
md-s2
---------------------
normal
    19

    30

    0.1053

    0.3684

    1.5667

    1.3333

---------------------
md-s3
---------------------
normal
    19

    19

    1.0526

    0.6842

    2.0526

    2.4737

---------------------
md-s4
---------------------
normal
    30

    33

    4.1000

    0.6333

    1.3636

    2.6061

---------------------
md-s5
---------------------
normal
    32

    35

    3.5312

    0.5625

    2.1143

    1.3429

---------------------
md-s6
---------------------
normal
    35

    34

    0.5429

    0.4000

    0.8235

    1.7353

---------------------
md-s7
---------------------
normal
    32

    32

    3.8125

    1.7188

    1.7500

    2.5000

---------------------
md-s8
---------------------
normal
    22

    27

    2.5000

    0.5455

    1.9259

    1.9259

---------------------
md-s9
---------------------
normal
    15

    28

    0.7333

     1

    2.8214

    1.7857

---------------------
