/Users/DoerLBH/Dropbox/git/OLab_IntanEphys/Data/IntanEphys/MD-071116
07-Aug-2016
ctrl-071116-s10
---------------------
normal
    25

    18

    16

    13

   14.6111

    15

---------------------
ctrl-071116-s11
---------------------
normal
    22

    22

   12.7273

   11.5455

     9

   10.9091

---------------------
ctrl-071116-s1
---------------------
normal
    61

    46

    8.7049

    8.4426

    7.7174

    7.8261

---------------------
ctrl-071116-s2
---------------------
normal
    52

    49

   12.3654

    12

   10.6327

   10.7959

---------------------
ctrl-071116-s3
---------------------
normal
    45

    39

   13.5333

   11.7333

   10.5641

   11.0513

---------------------
ctrl-071116-s4
---------------------
normal
    77

    64

   10.5325

   10.5844

    9.3125

    9.7969

---------------------
ctrl-071116-s5
---------------------
normal
    78

    60

   13.3077

   12.0641

   11.3667

   11.6167

---------------------
ctrl-071116-s6
---------------------
normal
    50

    39

   12.2200

    12

   10.9231

   12.1282

---------------------
ctrl-071116-s7
---------------------
normal
   111

    94

    7.2793

    6.4865

    6.6809

    7.0745

---------------------
ctrl-071116-s8
---------------------
normal
    60

    49

   14.0667

   14.0667

   12.6939

   12.6531

---------------------
ctrl-071116-s9
---------------------
normal
    32

    14

   15.1875

   13.3750

   11.6429

   12.5000

---------------------
