/Volumes/NebulaHDD/Lab/IntanEphys/MD-070516/s01
20-Jul-2016
md-s1-
---------------------
normal
    12

    12

    1.2500

    0.5833

    5.3333

   20.8333

---------------------
/Volumes/NebulaHDD/Lab/IntanEphys/MD-070516/s01
20-Jul-2016
md-s1-
---------------------
normal
/Volumes/NebulaHDD/Lab/IntanEphys/MD-070516/s01
20-Jul-2016
md-s1-
---------------------
normal
    12

    12

    1.2500

    0.5833

    5.3333

   20.8333

---------------------
/Volumes/NebulaHDD/Lab/IntanEphys/MD-070516/s01
20-Jul-2016
md-s1-
---------------------
normal
    12

    12

    1.2500

    0.5833

    5.3333

   20.8333

---------------------
/Volumes/NebulaHDD/Lab/IntanEphys/MD-070516/s01
20-Jul-2016
md-s1-
---------------------
normal
    12

    12

/Volumes/NebulaHDD/Lab/IntanEphys/MD-070516/s01
20-Jul-2016
md-s1-
---------------------
normal
    12

    12

/Volumes/NebulaHDD/Lab/IntanEphys/MD-070516/s01
20-Jul-2016
md-s1-
---------------------
normal
    12

    12

    1.2500

    0.5833

    5.3333

   20.8333

---------------------
/Volumes/NebulaHDD/Lab/IntanEphys/MD-070516/s01
20-Jul-2016
md-s1-
---------------------
normal
    12

    12

    1.2500

    0.5833

    5.3333

   20.8333

---------------------
/Volumes/NebulaHDD/Lab/IntanEphys/MD-070516/s01
20-Jul-2016
md-s1-
---------------------
normal
/Volumes/NebulaHDD/Lab/IntanEphys/MD-070516/s01
20-Jul-2016
md-s1-
---------------------
normal
    12

    12

    1.2500

    0.5833

    5.3333

   20.8333

---------------------
/Volumes/NebulaHDD/Lab/IntanEphys/MD-070516/s01
20-Jul-2016
md-s1-
---------------------
normal
    12

    12

    1.2500

    0.5833

    5.3333

   20.8333

---------------------
