/Users/DoerLBH/Dropbox/git/OLab_IntanEphys/Data/
04-May-2016
---------------------
MD-011216_160112
Fail_to_record_all?
---------------------
MD-011216_contra_160112
Fail_to_record_all?
---------------------
MD-011216_contra_s2_160112
Fail_to_record_all?
---------------------
MD-011216_ipsi_160112
Fail_to_record_all?
---------------------
MD-011216_ipsi_s2__160112
Fail_to_record_all?
---------------------
MD-012516-s11_160125
Fail_to_record_all?
    14

     6

    81

   78.5000

   87.1667

   89.1667

---------------------
---------------------
MD-012516-s12_160125
Fail_to_record_all?
    27

    16

  124.5926

  118.2593

  120.5625

  119.6875

---------------------
---------------------
MD-012516-s4_160125
Fail_to_record_all?
---------------------
MD-012516-s5_160125
Fail_to_record_all?
---------------------
MD-012516-s6_160125
Fail_to_record_all?
---------------------
MD-012516-s7_160125
Fail_to_record_all?
     6

     9

  109.8333

  126.6667

  150.4444

   132

---------------------
---------------------
MD-012516-s8_160125
Fail_to_record_all?
WARNING!_Failed_to_detect_LED!
/Users/DoerLBH/Dropbox/git/OLab_IntanEphys/Data//MD-012516/MD-012516-s8_160125
---------------------
---------------------
MD-012516-s9_160125
Fail_to_record_all?
WARNING!_Failed_to_detect_LED!
/Users/DoerLBH/Dropbox/git/OLab_IntanEphys/Data//MD-012516/MD-012516-s9_160125
---------------------
---------------------
MD-012516_160125
Fail_to_record_all?
---------------------
Ctrl-012616-S10_160126
Fail_to_record_all?
     1

     2

    15

    43

   107

  102.5000

---------------------
---------------------
Ctrl-012616-S11_160126
Fail_to_record_all?
    11

     2

   73.0909

    70

    40

    31

---------------------
---------------------
Ctrl-012616-S3_160126
Fail_to_record_all?
WARNING!_Failed_to_detect_LED!
/Users/DoerLBH/Dropbox/git/OLab_IntanEphys/Data//Normal-012616/Ctrl-012616-S3_160126
---------------------
---------------------
Ctrl-012616-S4_160126
Fail_to_record_all?
---------------------
Ctrl-012616-S5_160126
Fail_to_record_all?
---------------------
Ctrl-012616-S6_160126
Fail_to_record_all?
WARNING!_Failed_to_detect_LED!
/Users/DoerLBH/Dropbox/git/OLab_IntanEphys/Data//Normal-012616/Ctrl-012616-S6_160126
---------------------
---------------------
Ctrl-012616-S7_160126
Fail_to_record_all?
---------------------
Ctrl-012616-S8_160126
Fail_to_record_all?
WARNING!_Failed_to_detect_LED!
/Users/DoerLBH/Dropbox/git/OLab_IntanEphys/Data//Normal-012616/Ctrl-012616-S8_160126
---------------------
---------------------
Ctrl-012616-S9_160126
Fail_to_record_all?
     2

     3

    26

   36.5000

    95

   40.6667

---------------------
---------------------
albino-012816-S10_160128
Fail_to_record_all?
     1

     4

    79

    25

    62

   94.2500

---------------------
---------------------
albino-012816-S11_160128
Fail_to_record_all?
---------------------
albino-012816-S12_160128
Fail_to_record_all?
     2

     1

   55.5000

   60.5000

     1

    23

---------------------
---------------------
albino-012816-S13_160128
Fail_to_record_all?
     5

     5

   11.2000

    41

   36.6000

   33.6000

---------------------
---------------------
albino-012816-S14_160128
Fail_to_record_all?
---------------------
albino-012816-S15_160128
Fail_to_record_all?
WARNING!_Failed_to_detect_LED!
/Users/DoerLBH/Dropbox/git/OLab_IntanEphys/Data//albino-012816/albino-012816-S15_160128
---------------------
---------------------
albino-012816-S1_160128
Fail_to_record_all?
---------------------
albino-012816-S3_160128
Fail_to_record_all?
WARNING!_Failed_to_detect_LED!
/Users/DoerLBH/Dropbox/git/OLab_IntanEphys/Data//albino-012816/albino-012816-S3_160128
---------------------
---------------------
albino-012816-S4_160128
Fail_to_record_all?
WARNING!_Failed_to_detect_LED!
/Users/DoerLBH/Dropbox/git/OLab_IntanEphys/Data//albino-012816/albino-012816-S4_160128
---------------------
---------------------
albino-012816-S5_160128
Fail_to_record_all?
     7

     2

   58.1429

    46

    53

    70

---------------------
---------------------
albino-012816-S6_160128
Fail_to_record_all?
     3

     8

    12

   66.6667

   34.6250

   25.6250

---------------------
---------------------
albino-012816-S7_160128
Fail_to_record_all?
WARNING!_Failed_to_detect_LED!
/Users/DoerLBH/Dropbox/git/OLab_IntanEphys/Data//albino-012816/albino-012816-S7_160128
---------------------
---------------------
albino-012816-S8_160128
Fail_to_record_all?
     1

     1

    98

     7

    19

   115

---------------------
---------------------
albino-012816-S9_160128
Fail_to_record_all?
     4

     4

   32.5000

   11.7500

    15

   15.5000

---------------------
---------------------
albino-020116-S10_160201
Fail_to_record_all?
WARNING!_Failed_to_detect_LED!
/Users/DoerLBH/Dropbox/git/OLab_IntanEphys/Data//albino-020116/albino-020116-S10_160201
---------------------
---------------------
albino-020116-S11_160201
Fail_to_record_all?
     4

     2

   52.5000

   87.5000

     5

   45.5000

---------------------
---------------------
albino-020116-S12_160201
Fail_to_record_all?
WARNING!_Failed_to_detect_LED!
/Users/DoerLBH/Dropbox/git/OLab_IntanEphys/Data//albino-020116/albino-020116-S12_160201
---------------------
---------------------
albino-020116-S1_160201
Fail_to_record_all?
---------------------
albino-020116-S3_160201
Fail_to_record_all?
WARNING!_Failed_to_detect_LED!
/Users/DoerLBH/Dropbox/git/OLab_IntanEphys/Data//albino-020116/albino-020116-S3_160201
---------------------
---------------------
albino-020116-S4_160201
Fail_to_record_all?
     1

     4

     4

     4

    8.5000

   16.5000

---------------------
---------------------
albino-020116-S5_160201
Fail_to_record_all?
WARNING!_Failed_to_detect_LED!
/Users/DoerLBH/Dropbox/git/OLab_IntanEphys/Data//albino-020116/albino-020116-S5_160201
---------------------
---------------------
albino-020116-S6_160201
Fail_to_record_all?
     7

     5

   11.4286

   10.5714

    9.4000

   11.2000

---------------------
---------------------
albino-020116-S7_160201
Fail_to_record_all?
     6

     1

   20.5000

    31

    17

    25

---------------------
---------------------
albino-020116-S8_160201
Fail_to_record_all?
     1

     4

    54

    80

    9.2500

    12

---------------------
---------------------
albino-020116-S9_160201
Fail_to_record_all?
---------------------
albino-012816-S1_160128
Fail_to_record_all?
