/Users/DoerLBH/Dropbox/git/OLab_IntanEphys/Data/MD-012516
09-May-2016
MD-012516-s11_160125
---------------------
normal
   108

    93

  176.3519

  172.2407

  170.6559

  172.6129

---------------------
MD-012516-s12_160125
---------------------
normal
    60

    37

  162.2333

  167.2500

  162.4595

  159.4865

---------------------
MD-012516-s4_160125
---------------------
normal
fail_to_reassign_1
fail_to_reassign_1
     5

     4

  156.4000

  166.4000

   169

  160.5000

---------------------
MD-012516-s5_160125
---------------------
normal
fail_to_reassign_1
fail_to_reassign_1
fail_to_reassign_1
fail_to_reassign_1
fail_to_reassign_1
fail_to_reassign_1
     5

     4

  156.4000

  166.4000

   169

  160.5000

---------------------
MD-012516-s6_160125
---------------------
normal
fail_to_reassign_1
fail_to_reassign_1
fail_to_reassign_1
fail_to_reassign_1
     5

     4

  156.4000

  166.4000

   169

  160.5000

---------------------
MD-012516-s7_160125
---------------------
normal
    19

    21

  195.3684

  204.3158

  212.0952

  216.0952

---------------------
MD-012516-s8_160125
---------------------
normal
    68

   305

  147.2206

  149.4265

  144.3180

  145.3016

---------------------
MD-012516-s9_160125
---------------------
normal
    50

    85

  157.4600

  156.8400

  168.0118

  167.7882

---------------------
MD-012516_160125
---------------------
normal
fail_to_reassign_1
fail_to_reassign_1
fail_to_reassign_1
fail_to_reassign_1
fail_to_reassign_1
fail_to_reassign_1
fail_to_reassign_1
fail_to_reassign_1
     5

     4

  156.4000

  166.4000

   169

  160.5000

---------------------
/Users/DoerLBH/Dropbox/git/OLab_IntanEphys/Data/MD-012516
09-May-2016
MD-012516-s11_160125
---------------------
normal
   108

    93

MD-012516-s12_160125
---------------------
normal
    60

    37

MD-012516-s4_160125
---------------------
normal
fail_to_reassign_1
fail_to_reassign_1
     5

     4

MD-012516-s5_160125
---------------------
normal
fail_to_reassign_1
fail_to_reassign_1
fail_to_reassign_1
fail_to_reassign_1
fail_to_reassign_1
fail_to_reassign_1
     5

     4

MD-012516-s6_160125
---------------------
normal
fail_to_reassign_1
fail_to_reassign_1
fail_to_reassign_1
fail_to_reassign_1
     5

     4

MD-012516-s7_160125
---------------------
normal
    19

    21

MD-012516-s8_160125
---------------------
normal
    68

   305

MD-012516-s9_160125
---------------------
normal
    50

    85

MD-012516_160125
---------------------
normal
fail_to_reassign_1
fail_to_reassign_1
fail_to_reassign_1
fail_to_reassign_1
fail_to_reassign_1
fail_to_reassign_1
fail_to_reassign_1
fail_to_reassign_1
     5

     4

/Users/DoerLBH/Dropbox/git/OLab_IntanEphys/Data/MD-012516
09-May-2016
MD-012516-s11
---------------------
normal
   108

    93

  176.3519

  172.2407

  170.6559

  172.6129

---------------------
MD-012516-s12
---------------------
normal
    60

    37

  162.2333

  167.2500

  162.4595

  159.4865

---------------------
MD-012516-s4
---------------------
normal
fail_to_reassign_amp_1
fail_to_reassign_amp_1
MD-012516-s5
---------------------
normal
fail_to_reassign_amp_1
fail_to_reassign_amp_1
fail_to_reassign_amp_1
fail_to_reassign_amp_1
fail_to_reassign_amp_1
fail_to_reassign_amp_1
MD-012516-s6
---------------------
normal
fail_to_reassign_amp_1
fail_to_reassign_amp_1
fail_to_reassign_amp_1
fail_to_reassign_amp_1
MD-012516-s7
---------------------
normal
    19

    21

  195.3684

  204.3158

  212.0952

  216.0952

---------------------
MD-012516-s8
---------------------
normal
    68

   305

  147.2206

  149.4265

  144.3180

  145.3016

---------------------
MD-012516-s9
---------------------
normal
    50

    85

  157.4600

  156.8400

  168.0118

  167.7882

---------------------
MD-012516
---------------------
normal
fail_to_reassign_amp_1
fail_to_reassign_amp_1
fail_to_reassign_amp_1
fail_to_reassign_amp_1
fail_to_reassign_amp_1
fail_to_reassign_amp_1
fail_to_reassign_amp_1
fail_to_reassign_amp_1
