/Users/DoerLBH/Dropbox/git/OLab_IntanEphys/Data/IntanEphys/MD-071916
07-Aug-2016
MD-S#1
---------------------
normal
    14

    13

     1

    1.4286

    5.2308

    1.7692

---------------------
MD-S#2
---------------------
normal
    33

    36

    3.8485

    3.2424

    3.1389

    2.1111

---------------------
MD-S#3
---------------------
normal
    20

    15

    0.6500

    1.5500

    4.2000

    1.9333

---------------------
MD-S#5
---------------------
normal
    11

    10

    0.5455

    1.1818

     4

    1.9000

---------------------
