/Users/DoerLBH/Dropbox/git/OLab_IntanEphys/Data/albino-020116
09-May-2016
albino-020116-S10_160201
---------------------
normal
    41

    55

   32.9756

   31.9512

   42.0909

   25.5273

---------------------
albino-020116-S11_160201
---------------------
normal
    75

   115

   46.7867

   45.7467

   53.0957

   41.7826

---------------------
albino-020116-S12_160201
---------------------
normal
    12

    18

   26.1667

   24.0833

   30.2222

   25.8889

---------------------
albino-020116-S1_160201
---------------------
normal
   103

   182

   27.7670

   18.4272

   33.4945

   20.2637

---------------------
albino-020116-S3_160201
---------------------
normal
    27

    66

   15.8148

   14.5556

   17.4394

   16.5455

---------------------
albino-020116-S4_160201
---------------------
normal
    30

    41

   26.7333

   20.8000

   24.9512

   22.7317

---------------------
albino-020116-S5_160201
---------------------
normal
    36

    80

   15.2778

   12.5278

   23.5625

   16.8000

---------------------
albino-020116-S6_160201
---------------------
normal
   127

   215

   31.4016

   29.4331

   36.6884

   28.8093

---------------------
albino-020116-S7_160201
---------------------
normal
    81

    74

   29.0988

   21.9753

   31.1622

   17.6757

---------------------
albino-020116-S8_160201
---------------------
normal
     9

    18

   24.4444

   24.5556

   26.6667

   22.4444

---------------------
albino-020116-S9_160201
---------------------
normal
    36

    49

   30.7778

   30.8056

   45.4898

   33.5306

---------------------
/Users/DoerLBH/Dropbox/git/OLab_IntanEphys/Data/albino-020116
09-May-2016
albino-020116-S10_160201
---------------------
normal
    41

    55

albino-020116-S11_160201
---------------------
normal
    75

   115

albino-020116-S12_160201
---------------------
normal
    12

    18

albino-020116-S1_160201
---------------------
normal
   103

   182

albino-020116-S3_160201
---------------------
normal
    27

    66

albino-020116-S4_160201
---------------------
normal
    30

    41

albino-020116-S5_160201
---------------------
normal
    36

    80

albino-020116-S6_160201
---------------------
normal
   127

   215

albino-020116-S7_160201
---------------------
normal
    81

    74

albino-020116-S8_160201
---------------------
normal
     9

    18

albino-020116-S9_160201
---------------------
normal
    36

    49

/Users/DoerLBH/Dropbox/git/OLab_IntanEphys/Data/albino-020116
09-May-2016
albino-020116-S10
---------------------
normal
    41

    55

   32.9756

   31.9512

   42.0909

   25.5273

---------------------
albino-020116-S11
---------------------
normal
    75

   115

   46.7867

   45.7467

   53.0957

   41.7826

---------------------
albino-020116-S12
---------------------
normal
    12

    18

   26.1667

   24.0833

   30.2222

   25.8889

---------------------
albino-020116-S1
---------------------
normal
   103

   182

   27.7670

   18.4272

   33.4945

   20.2637

---------------------
albino-020116-S3
---------------------
normal
    27

    66

   15.8148

   14.5556

   17.4394

   16.5455

---------------------
albino-020116-S4
---------------------
normal
    30

    41

   26.7333

   20.8000

   24.9512

   22.7317

---------------------
albino-020116-S5
---------------------
normal
    36

    80

   15.2778

   12.5278

   23.5625

   16.8000

---------------------
albino-020116-S6
---------------------
normal
   127

   215

   31.4016

   29.4331

   36.6884

   28.8093

---------------------
albino-020116-S7
---------------------
normal
    81

    74

   29.0988

   21.9753

   31.1622

   17.6757

---------------------
albino-020116-S8
---------------------
normal
     9

    18

   24.4444

   24.5556

   26.6667

   22.4444

---------------------
albino-020116-S9
---------------------
normal
    36

    49

   30.7778

   30.8056

   45.4898

   33.5306

---------------------
