/Users/DoerLBH/Dropbox/git/OLab_IntanEphys/Data/IntanEphys/MD-070516
07-Aug-2016
md-s1-
---------------------
normal
    12

    12

    2.2500

    1.8333

    7.7500

   27.8333

---------------------
md-s2
---------------------
normal
    29

    33

    6.8966

   33.4483

    8.9697

   39.0909

---------------------
md-s3
---------------------
normal
    34

    36

    7.7941

   18.0588

   16.3889

   26.1667

---------------------
md-s4
---------------------
normal
    24

    27

   10.1250

    5.9583

   13.6667

   21.0741

---------------------
md-s5
---------------------
normal
    30

    34

    4.3333

    6.6333

   12.7647

   16.3235

---------------------
md-s6
---------------------
normal
    24

    25

    3.5417

     3

    8.8800

   14.8400

---------------------
md-s7
---------------------
normal
    56

    56

    5.0714

    7.5893

   12.2679

   13.3571

---------------------
md-s8
---------------------
normal
    36

    37

    15

    9.9167

   20.6757

   22.1351

---------------------
md-s9
---------------------
normal
    58

    56

    9.5690

    8.3448

   11.2143

    26

---------------------
md-s10
---------------------
normal
    30

    31

    8.0667

    5.4333

   16.9032

   28.5484

---------------------
md-s11
---------------------
normal
    25

    24

   10.1200

    9.8000

   25.2083

   27.8750

---------------------
md-s12
---------------------
normal
    27

    36

    1.8519

     1

   11.7778

   19.1389

---------------------
md-s13
---------------------
normal
    25

    26

    3.2000

    2.9200

   10.1923

   14.8077

---------------------
md-s14
---------------------
normal
    34

    29

   11.5294

   10.8529

   14.8966

   18.5862

---------------------
md-s15
---------------------
normal
    28

    26

    6.5357

    2.0714

    7.0385

   13.9615

---------------------
md-s16
---------------------
normal
    26

    22

    4.5769

    5.8846

    7.8182

   19.9545

---------------------
md-s17
---------------------
normal
    31

    32

   27.7419

   12.4194

   40.9375

   15.5000

---------------------
md-s18
---------------------
normal
    26

    24

    14

    7.5000

   28.5833

    17

---------------------
/Users/DoerLBH/Dropbox/git/OLab_IntanEphys/Data/IntanEphys/MD-070516
07-Aug-2016
md-s1-
---------------------
normal
    12

    12

    2.2500

    1.8333

    7.7500

   27.8333

---------------------
md-s2
---------------------
normal
    29

    33

    6.8966

   33.4483

    8.9697

   39.0909

---------------------
md-s3
---------------------
normal
    34

    36

    7.7941

   18.0588

   16.3889

   26.1667

---------------------
md-s4
---------------------
normal
    24

    27

   10.1250

    5.9583

   13.6667

   21.0741

---------------------
md-s5
---------------------
normal
    30

    34

    4.3333

    6.6333

   12.7647

   16.3235

---------------------
md-s6
---------------------
normal
    24

    25

    3.5417

     3

    8.8800

   14.8400

---------------------
md-s7
---------------------
normal
    56

    56

    5.0714

    7.5893

   12.2679

   13.3571

---------------------
md-s8
---------------------
normal
    36

    37

    15

    9.9167

   20.6757

   22.1351

---------------------
md-s9
---------------------
normal
    58

    56

    9.5690

    8.3448

   11.2143

    26

---------------------
md-s10
---------------------
normal
    30

    31

    8.0667

    5.4333

   16.9032

   28.5484

---------------------
md-s11
---------------------
normal
    25

    24

   10.1200

    9.8000

   25.2083

   27.8750

---------------------
md-s12
---------------------
normal
    27

    36

    1.8519

     1

   11.7778

   19.1389

---------------------
md-s13
---------------------
normal
    25

    26

    3.2000

    2.9200

   10.1923

   14.8077

---------------------
md-s14
---------------------
normal
    34

    29

   11.5294

   10.8529

   14.8966

   18.5862

---------------------
md-s15
---------------------
normal
    28

    26

    6.5357

    2.0714

    7.0385

   13.9615

---------------------
md-s16
---------------------
normal
    26

    22

    4.5769

    5.8846

    7.8182

   19.9545

---------------------
md-s17
---------------------
normal
    31

    32

   27.7419

   12.4194

   40.9375

   15.5000

---------------------
md-s18
---------------------
normal
    26

    24

    14

    7.5000

   28.5833

    17

---------------------
/Users/DoerLBH/Dropbox/git/OLab_IntanEphys/Data/IntanEphys/MD-070516
07-Aug-2016
md-s1-
---------------------
normal
    12

    12

md-s2
---------------------
normal
    29

    33

md-s3
---------------------
normal
    34

    36

md-s4
---------------------
normal
    24

    27

md-s5
---------------------
normal
    30

    34

md-s6
---------------------
normal
    24

    25

md-s7
---------------------
normal
    56

    56

md-s8
---------------------
normal
    36

    37

md-s9
---------------------
normal
    58

    56

md-s10
---------------------
normal
    30

    31

md-s11
---------------------
normal
    25

    24

md-s12
---------------------
normal
    27

    36

md-s13
---------------------
normal
    25

    26

md-s14
---------------------
normal
    34

    29

md-s15
---------------------
normal
    28

    26

md-s16
---------------------
normal
    26

    22

md-s17
---------------------
normal
    31

    32

md-s18
---------------------
normal
    26

    24

/Users/DoerLBH/Dropbox/git/OLab_IntanEphys/Data/IntanEphys/MD-070516
07-Aug-2016
md-s1-
---------------------
normal
    12

    12

md-s2
---------------------
normal
    29

    33

md-s3
---------------------
normal
    34

    36

md-s4
---------------------
normal
    24

    27

md-s5
---------------------
normal
    30

    34

md-s6
---------------------
normal
    24

    25

md-s7
---------------------
normal
    56

    56

md-s8
---------------------
normal
    36

    37

md-s9
---------------------
normal
    58

    56

md-s10
---------------------
normal
    30

    31

md-s11
---------------------
normal
    25

    24

md-s12
---------------------
normal
    27

    36

md-s13
---------------------
normal
    25

    26

md-s14
---------------------
normal
    34

    29

md-s15
---------------------
normal
    28

    26

md-s16
---------------------
normal
    26

    22

md-s17
---------------------
normal
    31

    32

md-s18
---------------------
normal
    26

    24

/Users/DoerLBH/Dropbox/git/OLab_IntanEphys/Data/IntanEphys/MD-070516
07-Aug-2016
md-s1-
---------------------
normal
    12

    12

md-s2
---------------------
normal
    29

    33

md-s3
---------------------
normal
    34

    36

md-s4
---------------------
normal
    24

    27

md-s5
---------------------
normal
    30

    34

md-s6
---------------------
normal
    24

    25

md-s7
---------------------
normal
    56

    56

md-s8
---------------------
normal
    36

    37

md-s9
---------------------
normal
    58

    56

md-s10
---------------------
normal
    30

    31

md-s11
---------------------
normal
    25

    24

md-s12
---------------------
normal
    27

    36

md-s13
---------------------
normal
    25

    26

md-s14
---------------------
normal
    34

    29

md-s15
---------------------
normal
    28

    26

md-s16
---------------------
normal
    26

    22

md-s17
---------------------
normal
    31

    32

md-s18
---------------------
normal
    26

    24

/Users/DoerLBH/Dropbox/git/OLab_IntanEphys/Data/IntanEphys/MD-070516
07-Aug-2016
md-s1-
---------------------
normal
    12

    12

    2.2500

    1.8333

    7.7500

   27.8333

---------------------
md-s2
---------------------
normal
    29

    33

    6.8966

   33.4483

    8.9697

   39.0909

---------------------
md-s3
---------------------
normal
    34

    36

    7.7941

   18.0588

   16.3889

   26.1667

---------------------
md-s4
---------------------
normal
    24

    27

   10.1250

    5.9583

   13.6667

   21.0741

---------------------
md-s5
---------------------
normal
    30

    34

    4.3333

    6.6333

   12.7647

   16.3235

---------------------
md-s6
---------------------
normal
    24

    25

    3.5417

     3

    8.8800

   14.8400

---------------------
md-s7
---------------------
normal
    56

    56

    5.0714

    7.5893

   12.2679

   13.3571

---------------------
md-s8
---------------------
normal
    36

    37

    15

    9.9167

   20.6757

   22.1351

---------------------
md-s9
---------------------
normal
    58

    56

    9.5690

    8.3448

   11.2143

    26

---------------------
md-s10
---------------------
normal
    30

    31

    8.0667

    5.4333

   16.9032

   28.5484

---------------------
md-s11
---------------------
normal
    25

    24

   10.1200

    9.8000

   25.2083

   27.8750

---------------------
md-s12
---------------------
normal
    27

    36

    1.8519

     1

   11.7778

   19.1389

---------------------
md-s13
---------------------
normal
    25

    26

    3.2000

    2.9200

   10.1923

   14.8077

---------------------
md-s14
---------------------
normal
    34

    29

   11.5294

   10.8529

   14.8966

   18.5862

---------------------
md-s15
---------------------
normal
    28

    26

    6.5357

    2.0714

    7.0385

   13.9615

---------------------
md-s16
---------------------
normal
    26

    22

    4.5769

    5.8846

    7.8182

   19.9545

---------------------
md-s17
---------------------
normal
    31

    32

   27.7419

   12.4194

   40.9375

   15.5000

---------------------
md-s18
---------------------
normal
    26

    24

    14

    7.5000

   28.5833

    17

---------------------
