/Users/DoerLBH/Dropbox/git/OLab_IntanEphys/Data/IntanEphys/MD-060816
07-Aug-2016
md-060816-s1
bad_ai_intialization
bad_bdi_initialization
bad_sv_initialization
bad_t_ai_initialzation
bad_t_dig_initialization
bad_t_sv_initialization
---------------------
normal
fail_to_reassign_ai_1
fail_to_reassign_bdi_1
fail_to_reassign_sv_1
fail_to_reassign_t_ai_1
fail_to_reassign_t_d_1
fail_to_reassign_t_sv_1
fail_to_reassign_ai_1
fail_to_reassign_bdi_1
fail_to_reassign_sv_1
fail_to_reassign_t_ai_1
fail_to_reassign_t_d_1
fail_to_reassign_t_sv_1
fail_to_reassign_ai_1
fail_to_reassign_bdi_1
fail_to_reassign_sv_1
fail_to_reassign_t_ai_1
fail_to_reassign_t_d_1
fail_to_reassign_t_sv_1
fail_to_reassign_ai_1
fail_to_reassign_bdi_1
fail_to_reassign_sv_1
fail_to_reassign_t_ai_1
fail_to_reassign_t_d_1
fail_to_reassign_t_sv_1
fail_to_reassign_2
{Undefined variable "times" or class "times.lLEDon".

Error in <a href="matlab:matlab.internal.language.introspective.errorDocCallback('fast_160804_IntanEphysAnalysis', '/Users/DoerLBH/Dropbox/git/OLab_IntanEphys/fast_160804_IntanEphysAnalysis.m', 339)" style="font-weight:bold">fast_160804_IntanEphysAnalysis</a> (<a href="matlab: opentoline('/Users/DoerLBH/Dropbox/git/OLab_IntanEphys/fast_160804_IntanEphysAnalysis.m',339,0)">line 339</a>)
    if length(times.lLEDon) == 0 || length(times.rLEDon) == 0
} 
fast_160804_IntanEphysAnalysis
e.g.  /Users/DoerLBH/Dropbox/git/OLab_IntanEphys/Data
What is your folder?: /Users/DoerLBH/Dropbox/git/OLab_IntanEphys/Data/IntanEphys/MD-060816
mkdir: /Users/DoerLBH/Dropbox/git/OLab_IntanEphys/Data/IntanEphys/MD-060816/output-07-Aug-2016: File exists
/Users/DoerLBH/Dropbox/git/OLab_IntanEphys/Data/IntanEphys/MD-060816
07-Aug-2016
md-060816-s1
bad_ai_intialization
bad_bdi_initialization
bad_sv_initialization
bad_t_ai_initialzation
bad_t_dig_initialization
bad_t_sv_initialization
---------------------
normal
fail_to_reassign_ai_1
fail_to_reassign_bdi_1
fail_to_reassign_sv_1
fail_to_reassign_t_ai_1
fail_to_reassign_t_d_1
fail_to_reassign_t_sv_1
fail_to_reassign_ai_1
fail_to_reassign_bdi_1
fail_to_reassign_sv_1
fail_to_reassign_t_ai_1
fail_to_reassign_t_d_1
fail_to_reassign_t_sv_1
fail_to_reassign_ai_1
fail_to_reassign_bdi_1
fail_to_reassign_sv_1
fail_to_reassign_t_ai_1
fail_to_reassign_t_d_1
fail_to_reassign_t_sv_1
fail_to_reassign_ai_1
fail_to_reassign_bdi_1
fail_to_reassign_sv_1
fail_to_reassign_t_ai_1
fail_to_reassign_t_d_1
fail_to_reassign_t_sv_1
fail_to_reassign_2
md-060816-s2
bad_ai_intialization
bad_bdi_initialization
bad_sv_initialization
bad_t_ai_initialzation
bad_t_dig_initialization
bad_t_sv_initialization
---------------------
normal
fail_to_reassign_ai_1
fail_to_reassign_bdi_1
fail_to_reassign_sv_1
fail_to_reassign_t_ai_1
fail_to_reassign_t_d_1
fail_to_reassign_t_sv_1
fail_to_reassign_ai_1
fail_to_reassign_bdi_1
fail_to_reassign_sv_1
fail_to_reassign_t_ai_1
fail_to_reassign_t_d_1
fail_to_reassign_t_sv_1
fail_to_reassign_ai_1
fail_to_reassign_bdi_1
fail_to_reassign_sv_1
fail_to_reassign_t_ai_1
fail_to_reassign_t_d_1
fail_to_reassign_t_sv_1
fail_to_reassign_ai_1
fail_to_reassign_bdi_1
fail_to_reassign_sv_1
fail_to_reassign_t_ai_1
fail_to_reassign_t_d_1
fail_to_reassign_t_sv_1
fail_to_reassign_2
md-060816-s3
bad_ai_intialization
bad_bdi_initialization
bad_sv_initialization
bad_t_ai_initialzation
bad_t_dig_initialization
bad_t_sv_initialization
---------------------
normal
fail_to_reassign_ai_1
fail_to_reassign_bdi_1
fail_to_reassign_sv_1
fail_to_reassign_t_ai_1
fail_to_reassign_t_d_1
fail_to_reassign_t_sv_1
fail_to_reassign_ai_1
fail_to_reassign_bdi_1
fail_to_reassign_sv_1
fail_to_reassign_t_ai_1
fail_to_reassign_t_d_1
fail_to_reassign_t_sv_1
fail_to_reassign_ai_1
fail_to_reassign_bdi_1
fail_to_reassign_sv_1
fail_to_reassign_t_ai_1
fail_to_reassign_t_d_1
fail_to_reassign_t_sv_1
fail_to_reassign_ai_1
fail_to_reassign_bdi_1
fail_to_reassign_sv_1
fail_to_reassign_t_ai_1
fail_to_reassign_t_d_1
fail_to_reassign_t_sv_1
fail_to_reassign_ai_1
fail_to_reassign_bdi_1
fail_to_reassign_sv_1
fail_to_reassign_t_ai_1
fail_to_reassign_t_d_1
fail_to_reassign_t_sv_1
fail_to_reassign_ai_1
fail_to_reassign_bdi_1
fail_to_reassign_sv_1
fail_to_reassign_t_ai_1
fail_to_reassign_t_d_1
fail_to_reassign_t_sv_1
fail_to_reassign_ai_1
fail_to_reassign_bdi_1
fail_to_reassign_sv_1
fail_to_reassign_t_ai_1
fail_to_reassign_t_d_1
fail_to_reassign_t_sv_1
fail_to_reassign_2
     2

     2

    1.5000

     1

     0

     0

---------------------
md-060816-s4
bad_ai_intialization
bad_bdi_initialization
bad_sv_initialization
bad_t_ai_initialzation
bad_t_dig_initialization
bad_t_sv_initialization
---------------------
normal
fail_to_reassign_ai_1
fail_to_reassign_bdi_1
fail_to_reassign_sv_1
fail_to_reassign_t_ai_1
fail_to_reassign_t_d_1
fail_to_reassign_t_sv_1
fail_to_reassign_ai_1
fail_to_reassign_bdi_1
fail_to_reassign_sv_1
fail_to_reassign_t_ai_1
fail_to_reassign_t_d_1
fail_to_reassign_t_sv_1
fail_to_reassign_ai_1
fail_to_reassign_bdi_1
fail_to_reassign_sv_1
fail_to_reassign_t_ai_1
fail_to_reassign_t_d_1
fail_to_reassign_t_sv_1
fail_to_reassign_ai_1
fail_to_reassign_bdi_1
fail_to_reassign_sv_1
fail_to_reassign_t_ai_1
fail_to_reassign_t_d_1
fail_to_reassign_t_sv_1
fail_to_reassign_ai_1
fail_to_reassign_bdi_1
fail_to_reassign_sv_1
fail_to_reassign_t_ai_1
fail_to_reassign_t_d_1
fail_to_reassign_t_sv_1
fail_to_reassign_2
WARNING!_Failed_to_detect_LED!
/Users/DoerLBH/Dropbox/git/OLab_IntanEphys/Data/IntanEphys/MD-060816/s04/md-060816-s4_160608
---------------------
md-060816-s5
bad_ai_intialization
bad_bdi_initialization
bad_sv_initialization
bad_t_ai_initialzation
bad_t_dig_initialization
bad_t_sv_initialization
---------------------
normal
fail_to_reassign_ai_1
fail_to_reassign_bdi_1
fail_to_reassign_sv_1
fail_to_reassign_t_ai_1
fail_to_reassign_t_d_1
fail_to_reassign_t_sv_1
fail_to_reassign_ai_1
fail_to_reassign_bdi_1
fail_to_reassign_sv_1
fail_to_reassign_t_ai_1
fail_to_reassign_t_d_1
fail_to_reassign_t_sv_1
fail_to_reassign_ai_1
fail_to_reassign_bdi_1
fail_to_reassign_sv_1
fail_to_reassign_t_ai_1
fail_to_reassign_t_d_1
fail_to_reassign_t_sv_1
fail_to_reassign_ai_1
fail_to_reassign_bdi_1
fail_to_reassign_sv_1
fail_to_reassign_t_ai_1
fail_to_reassign_t_d_1
fail_to_reassign_t_sv_1
fail_to_reassign_ai_1
fail_to_reassign_bdi_1
fail_to_reassign_sv_1
fail_to_reassign_t_ai_1
fail_to_reassign_t_d_1
fail_to_reassign_t_sv_1
fail_to_reassign_ai_1
fail_to_reassign_bdi_1
fail_to_reassign_sv_1
fail_to_reassign_t_ai_1
fail_to_reassign_t_d_1
fail_to_reassign_t_sv_1
fail_to_reassign_ai_1
fail_to_reassign_bdi_1
fail_to_reassign_sv_1
fail_to_reassign_t_ai_1
fail_to_reassign_t_d_1
fail_to_reassign_t_sv_1
fail_to_reassign_2
     8

     5

    0.2500

     0

     0

     0

---------------------
md-060816-s6
bad_ai_intialization
bad_bdi_initialization
bad_sv_initialization
bad_t_ai_initialzation
bad_t_dig_initialization
bad_t_sv_initialization
---------------------
normal
fail_to_reassign_ai_1
fail_to_reassign_bdi_1
fail_to_reassign_sv_1
fail_to_reassign_t_ai_1
fail_to_reassign_t_d_1
fail_to_reassign_t_sv_1
fail_to_reassign_ai_1
fail_to_reassign_bdi_1
fail_to_reassign_sv_1
fail_to_reassign_t_ai_1
fail_to_reassign_t_d_1
fail_to_reassign_t_sv_1
fail_to_reassign_ai_1
fail_to_reassign_bdi_1
fail_to_reassign_sv_1
fail_to_reassign_t_ai_1
fail_to_reassign_t_d_1
fail_to_reassign_t_sv_1
fail_to_reassign_ai_1
fail_to_reassign_bdi_1
fail_to_reassign_sv_1
fail_to_reassign_t_ai_1
fail_to_reassign_t_d_1
fail_to_reassign_t_sv_1
fail_to_reassign_ai_1
fail_to_reassign_bdi_1
fail_to_reassign_sv_1
fail_to_reassign_t_ai_1
fail_to_reassign_t_d_1
fail_to_reassign_t_sv_1
fail_to_reassign_2
     4

     2

     0

    0.5000

     2

     0

---------------------
md-060816-s7
bad_ai_intialization
bad_bdi_initialization
bad_sv_initialization
bad_t_ai_initialzation
bad_t_dig_initialization
bad_t_sv_initialization
---------------------
normal
fail_to_reassign_ai_1
fail_to_reassign_bdi_1
fail_to_reassign_sv_1
fail_to_reassign_t_ai_1
fail_to_reassign_t_d_1
fail_to_reassign_t_sv_1
fail_to_reassign_ai_1
fail_to_reassign_bdi_1
fail_to_reassign_sv_1
fail_to_reassign_t_ai_1
fail_to_reassign_t_d_1
fail_to_reassign_t_sv_1
fail_to_reassign_ai_1
fail_to_reassign_bdi_1
fail_to_reassign_sv_1
fail_to_reassign_t_ai_1
fail_to_reassign_t_d_1
fail_to_reassign_t_sv_1
fail_to_reassign_ai_1
fail_to_reassign_bdi_1
fail_to_reassign_sv_1
fail_to_reassign_t_ai_1
fail_to_reassign_t_d_1
fail_to_reassign_t_sv_1
fail_to_reassign_2
WARNING!_Failed_to_detect_LED!
/Users/DoerLBH/Dropbox/git/OLab_IntanEphys/Data/IntanEphys/MD-060816/s07/md-060816-s7_160608
---------------------
md-060816-s8
bad_ai_intialization
bad_bdi_initialization
bad_sv_initialization
bad_t_ai_initialzation
bad_t_dig_initialization
bad_t_sv_initialization
---------------------
normal
fail_to_reassign_ai_1
fail_to_reassign_bdi_1
fail_to_reassign_sv_1
fail_to_reassign_t_ai_1
fail_to_reassign_t_d_1
fail_to_reassign_t_sv_1
fail_to_reassign_ai_1
fail_to_reassign_bdi_1
fail_to_reassign_sv_1
fail_to_reassign_t_ai_1
fail_to_reassign_t_d_1
fail_to_reassign_t_sv_1
fail_to_reassign_ai_1
fail_to_reassign_bdi_1
fail_to_reassign_sv_1
fail_to_reassign_t_ai_1
fail_to_reassign_t_d_1
fail_to_reassign_t_sv_1
fail_to_reassign_ai_1
fail_to_reassign_bdi_1
fail_to_reassign_sv_1
fail_to_reassign_t_ai_1
fail_to_reassign_t_d_1
fail_to_reassign_t_sv_1
fail_to_reassign_ai_1
fail_to_reassign_bdi_1
fail_to_reassign_sv_1
fail_to_reassign_t_ai_1
fail_to_reassign_t_d_1
fail_to_reassign_t_sv_1
fail_to_reassign_ai_1
fail_to_reassign_bdi_1
fail_to_reassign_sv_1
fail_to_reassign_t_ai_1
fail_to_reassign_t_d_1
fail_to_reassign_t_sv_1
fail_to_reassign_2
     3

     2

     0

     0

     0

     0

---------------------
md-060816-s8
bad_ai_intialization
bad_bdi_initialization
bad_sv_initialization
bad_t_ai_initialzation
bad_t_dig_initialization
bad_t_sv_initialization
---------------------
normal
fail_to_reassign_ai_1
fail_to_reassign_bdi_1
fail_to_reassign_sv_1
fail_to_reassign_t_ai_1
fail_to_reassign_t_d_1
fail_to_reassign_t_sv_1
fail_to_reassign_ai_1
fail_to_reassign_bdi_1
fail_to_reassign_sv_1
fail_to_reassign_t_ai_1
fail_to_reassign_t_d_1
fail_to_reassign_t_sv_1
fail_to_reassign_ai_1
fail_to_reassign_bdi_1
fail_to_reassign_sv_1
fail_to_reassign_t_ai_1
fail_to_reassign_t_d_1
fail_to_reassign_t_sv_1
fail_to_reassign_ai_1
fail_to_reassign_bdi_1
fail_to_reassign_sv_1
fail_to_reassign_t_ai_1
fail_to_reassign_t_d_1
fail_to_reassign_t_sv_1
fail_to_reassign_ai_1
fail_to_reassign_bdi_1
fail_to_reassign_sv_1
fail_to_reassign_t_ai_1
fail_to_reassign_t_d_1
fail_to_reassign_t_sv_1
fail_to_reassign_ai_1
fail_to_reassign_bdi_1
fail_to_reassign_sv_1
fail_to_reassign_t_ai_1
fail_to_reassign_t_d_1
fail_to_reassign_t_sv_1
fail_to_reassign_2
     3

     2

     0

     0

     0

     0

---------------------
md-060816-s9
bad_ai_intialization
bad_bdi_initialization
bad_sv_initialization
bad_t_ai_initialzation
bad_t_dig_initialization
bad_t_sv_initialization
---------------------
normal
fail_to_reassign_ai_1
fail_to_reassign_bdi_1
fail_to_reassign_sv_1
fail_to_reassign_t_ai_1
fail_to_reassign_t_d_1
fail_to_reassign_t_sv_1
fail_to_reassign_ai_1
fail_to_reassign_bdi_1
fail_to_reassign_sv_1
fail_to_reassign_t_ai_1
fail_to_reassign_t_d_1
fail_to_reassign_t_sv_1
fail_to_reassign_ai_1
fail_to_reassign_bdi_1
fail_to_reassign_sv_1
fail_to_reassign_t_ai_1
fail_to_reassign_t_d_1
fail_to_reassign_t_sv_1
fail_to_reassign_ai_1
fail_to_reassign_bdi_1
fail_to_reassign_sv_1
fail_to_reassign_t_ai_1
fail_to_reassign_t_d_1
fail_to_reassign_t_sv_1
fail_to_reassign_ai_1
fail_to_reassign_bdi_1
fail_to_reassign_sv_1
fail_to_reassign_t_ai_1
fail_to_reassign_t_d_1
fail_to_reassign_t_sv_1
fail_to_reassign_ai_1
fail_to_reassign_bdi_1
fail_to_reassign_sv_1
fail_to_reassign_t_ai_1
fail_to_reassign_t_d_1
fail_to_reassign_t_sv_1
fail_to_reassign_ai_1
fail_to_reassign_bdi_1
fail_to_reassign_sv_1
fail_to_reassign_t_ai_1
fail_to_reassign_t_d_1
fail_to_reassign_t_sv_1
fail_to_reassign_2
    12

    10

    0.5833

     1

    0.6000

    0.6000

---------------------
md-060816-s9
bad_ai_intialization
bad_bdi_initialization
bad_sv_initialization
bad_t_ai_initialzation
bad_t_dig_initialization
bad_t_sv_initialization
---------------------
normal
fail_to_reassign_ai_1
fail_to_reassign_bdi_1
fail_to_reassign_sv_1
fail_to_reassign_t_ai_1
fail_to_reassign_t_d_1
fail_to_reassign_t_sv_1
fail_to_reassign_ai_1
fail_to_reassign_bdi_1
fail_to_reassign_sv_1
fail_to_reassign_t_ai_1
fail_to_reassign_t_d_1
fail_to_reassign_t_sv_1
fail_to_reassign_ai_1
fail_to_reassign_bdi_1
fail_to_reassign_sv_1
fail_to_reassign_t_ai_1
fail_to_reassign_t_d_1
fail_to_reassign_t_sv_1
fail_to_reassign_ai_1
fail_to_reassign_bdi_1
fail_to_reassign_sv_1
fail_to_reassign_t_ai_1
fail_to_reassign_t_d_1
fail_to_reassign_t_sv_1
fail_to_reassign_ai_1
fail_to_reassign_bdi_1
fail_to_reassign_sv_1
fail_to_reassign_t_ai_1
fail_to_reassign_t_d_1
fail_to_reassign_t_sv_1
fail_to_reassign_ai_1
fail_to_reassign_bdi_1
fail_to_reassign_sv_1
fail_to_reassign_t_ai_1
fail_to_reassign_t_d_1
fail_to_reassign_t_sv_1
fail_to_reassign_ai_1
fail_to_reassign_bdi_1
fail_to_reassign_sv_1
fail_to_reassign_t_ai_1
fail_to_reassign_t_d_1
fail_to_reassign_t_sv_1
fail_to_reassign_2
    12

    10

    0.5833

     1

    0.6000

    0.6000

---------------------
