/Volumes/NebulaHDD/Lab/IntanEphys/MD-070516-2
20-Jul-2016
md-s10
---------------------
normal
     4

     7

     0

     0

    1.2857

    1.4286

---------------------
md-s11
---------------------
normal
    13

    14

    0.0769

     0

    1.1429

    1.1429

---------------------
md-s13
---------------------
normal
    17

    23

   11.2941

   20.1765

    8.5217

   23.1304

---------------------
md-s14
---------------------
normal
    26

    28

    3.5769

    2.3077

    4.1429

    2.3214

---------------------
md-s15
---------------------
normal
     8

    12

    0.5000

     0

    1.1667

    1.2500

---------------------
md-s1
---------------------
normal
    19

    30

    1.7368

     2

    4.1667

    5.4667

---------------------
md-s2
---------------------
normal
    18

    29

    1.0556

    0.6667

    1.2414

    1.9310

---------------------
md-s3
---------------------
normal
    18

    18

    2.2222

    2.5556

    1.4444

    4.1667

---------------------
md-s4
---------------------
normal
    29

    32

    1.1724

    2.4483

    3.0938

    3.7188

---------------------
md-s5
---------------------
normal
    31

    34

    2.1613

    1.7742

    4.6471

    1.8235

---------------------
md-s6
---------------------
normal
    34

    33

    0.5294

    0.8824

    1.8485

    1.4848

---------------------
md-s7
---------------------
normal
    31

    31

    3.1613

    0.8710

    3.1290

    1.9677

---------------------
md-s8
---------------------
normal
    21

    26

    3.2857

    2.5714

    7.2692

    3.6538

---------------------
md-s9
---------------------
normal
    14

    27

    0.0714

     0

    1.7407

    1.2963

---------------------
/Volumes/NebulaHDD/Lab/IntanEphys/MD-070516-2
20-Jul-2016
md-s10
---------------------
normal
     4

     7

     0

     0

    1.8571

    1.8571

---------------------
md-s11
---------------------
normal
    13

    14

    0.1538

     0

    1.5714

    1.5714

---------------------
md-s13
---------------------
normal
    17

    23

   14.8824

   28.4118

   12.5652

   34.7391

---------------------
md-s14
---------------------
normal
    26

    28

    5.4231

    3.1538

    6.7500

    3.2143

---------------------
md-s15
---------------------
normal
     8

    12

    0.5000

    0.1250

    1.5000

    1.6667

---------------------
md-s1
---------------------
normal
    19

    30

    2.0526

    2.1579

    5.6333

    7.1333

---------------------
md-s2
---------------------
normal
    18

    29

    1.6111

     1

    1.4828

    2.8966

---------------------
md-s3
---------------------
normal
    18

    18

    3.6667

    3.0556

    1.9444

    5.6111

---------------------
md-s4
---------------------
normal
    29

    32

    1.5172

    3.2069

    4.1562

    4.9062

---------------------
md-s5
---------------------
normal
    31

    34

    3.6129

    3.4516

    7.2647

    2.8235

---------------------
md-s6
---------------------
normal
    34

    33

    1.0882

    1.4118

    2.6061

    2.1212

---------------------
md-s7
---------------------
normal
    31

    31

    6.5484

    2.0645

    6.0968

    3.6452

---------------------
md-s8
---------------------
normal
    21

    26

    5.1905

    4.1429

   10.7692

    5.4615

---------------------
md-s9
---------------------
normal
    14

    27

    0.2857

     0

    2.7407

    1.9630

---------------------
