/Users/DoerLBH/Dropbox/git/OLab_IntanEphys/Data/Normal-012616
09-May-2016
Ctrl-012616-S10_160126
---------------------
normal
    29

    25

   29.8621

   26.6552

   23.2800

   23.9200

---------------------
Ctrl-012616-S11_160126
---------------------
normal
    25

    19

   21.1600

   18.1200

   11.2632

   11.5789

---------------------
Ctrl-012616-S3_160126
---------------------
normal
fail_to_reassign_1
fail_to_reassign_1
fail_to_reassign_1
fail_to_reassign_1
fail_to_reassign_1
fail_to_reassign_1
fail_to_reassign_1
fail_to_reassign_1
fail_to_reassign_1
fail_to_reassign_1
WARNING!_Failed_to_detect_LED!
/Users/DoerLBH/Dropbox/git/OLab_IntanEphys/Data/Normal-012616/Ctrl-012616-S3_160126
---------------------
Ctrl-012616-S4_160126
---------------------
normal
fail_to_reassign_1
fail_to_reassign_1
fail_to_reassign_1
fail_to_reassign_1
fail_to_reassign_1
fail_to_reassign_1
fail_to_reassign_1
fail_to_reassign_1
fail_to_reassign_1
fail_to_reassign_1
fail_to_reassign_1
fail_to_reassign_1
WARNING!_Failed_to_detect_LED!
/Users/DoerLBH/Dropbox/git/OLab_IntanEphys/Data/Normal-012616/Ctrl-012616-S4_160126
---------------------
Ctrl-012616-S5_160126
---------------------
normal
fail_to_reassign_1
fail_to_reassign_1
fail_to_reassign_1
fail_to_reassign_1
fail_to_reassign_1
fail_to_reassign_1
fail_to_reassign_1
fail_to_reassign_1
fail_to_reassign_1
fail_to_reassign_1
WARNING!_Failed_to_detect_LED!
/Users/DoerLBH/Dropbox/git/OLab_IntanEphys/Data/Normal-012616/Ctrl-012616-S5_160126
---------------------
Ctrl-012616-S6_160126
---------------------
normal
fail_to_reassign_1
fail_to_reassign_1
fail_to_reassign_1
fail_to_reassign_1
fail_to_reassign_1
fail_to_reassign_1
fail_to_reassign_1
fail_to_reassign_1
fail_to_reassign_1
fail_to_reassign_1
fail_to_reassign_1
fail_to_reassign_1
fail_to_reassign_1
fail_to_reassign_1
fail_to_reassign_1
fail_to_reassign_1
fail_to_reassign_1
fail_to_reassign_1
fail_to_reassign_1
fail_to_reassign_1
fail_to_reassign_1
fail_to_reassign_1
fail_to_reassign_1
fail_to_reassign_1
WARNING!_Failed_to_detect_LED!
/Users/DoerLBH/Dropbox/git/OLab_IntanEphys/Data/Normal-012616/Ctrl-012616-S6_160126
---------------------
Ctrl-012616-S7_160126
---------------------
normal
fail_to_reassign_1
fail_to_reassign_1
fail_to_reassign_1
fail_to_reassign_1
fail_to_reassign_1
fail_to_reassign_1
fail_to_reassign_1
fail_to_reassign_1
fail_to_reassign_1
WARNING!_Failed_to_detect_LED!
/Users/DoerLBH/Dropbox/git/OLab_IntanEphys/Data/Normal-012616/Ctrl-012616-S7_160126
---------------------
Ctrl-012616-S8_160126
---------------------
normal
fail_to_reassign_1
fail_to_reassign_1
fail_to_reassign_1
fail_to_reassign_1
fail_to_reassign_1
fail_to_reassign_1
fail_to_reassign_1
fail_to_reassign_1
fail_to_reassign_1
fail_to_reassign_1
fail_to_reassign_1
fail_to_reassign_1
fail_to_reassign_1
fail_to_reassign_1
fail_to_reassign_1
fail_to_reassign_1
fail_to_reassign_1
WARNING!_Failed_to_detect_LED!
/Users/DoerLBH/Dropbox/git/OLab_IntanEphys/Data/Normal-012616/Ctrl-012616-S8_160126
---------------------
Ctrl-012616-S9_160126
---------------------
normal
fail_to_reassign_1
fail_to_reassign_1
fail_to_reassign_1
fail_to_reassign_1
fail_to_reassign_1
fail_to_reassign_1
fail_to_reassign_1
fail_to_reassign_1
fail_to_reassign_1
fail_to_reassign_1
fail_to_reassign_1
fail_to_reassign_1
fail_to_reassign_1
fail_to_reassign_1
fail_to_reassign_1
    31

    69

   35.1935

   35.8710

   49.4638

   58.9275

---------------------
/Users/DoerLBH/Dropbox/git/OLab_IntanEphys/Data/Normal-012616
09-May-2016
Ctrl-012616-S10_160126
---------------------
normal
    29

    25

Ctrl-012616-S11_160126
---------------------
normal
    25

    19

Ctrl-012616-S3_160126
---------------------
normal
fail_to_reassign_1
{Operation terminated by user during <a href="matlab:matlab.internal.language.introspective.errorDocCallback('fast_arrange_Intan_RHD', '/Users/DoerLBH/Dropbox/git/OLab_IntanEphys/fast_arrange_Intan_RHD.m', 316)" style="font-weight:bold">fast_arrange_Intan_RHD</a> (<a href="matlab: opentoline('/Users/DoerLBH/Dropbox/git/OLab_IntanEphys/fast_arrange_Intan_RHD.m',316,0)">line 316</a>)


In <a href="matlab:matlab.internal.language.introspective.errorDocCallback('fast_160504_IntanEphysAnalysis', '/Users/DoerLBH/Dropbox/git/OLab_IntanEphys/fast_160504_IntanEphysAnalysis.m', 146)" style="font-weight:bold">fast_160504_IntanEphysAnalysis</a> (<a href="matlab: opentoline('/Users/DoerLBH/Dropbox/git/OLab_IntanEphys/fast_160504_IntanEphysAnalysis.m',146,0)">line 146</a>)
                fast_arrange_Intan_RHD(files{ind});
} 
strtok(filename(last+1:end),'_')

ans =

Ctrl-012616-S3

fast_160504_IntanEphysAnalysis
e.g.  /Users/DoerLBH/Dropbox/git/OLab_IntanEphys/Data
What is your folder?: /Users/DoerLBH/Dropbox/git/OLab_IntanEphys/Data/Normal-012616
mkdir: /Users/DoerLBH/Dropbox/git/OLab_IntanEphys/Data/Normal-012616/output-09-May-2016: File exists
/Users/DoerLBH/Dropbox/git/OLab_IntanEphys/Data/Normal-012616
09-May-2016
Ctrl-012616-S10_160126
---------------------
normal
    29

    25

Ctrl-012616-S11_160126
---------------------
normal
    25

    19

Ctrl-012616-S3_160126
---------------------
normal
fail_to_reassign_1
fail_to_reassign_1
fail_to_reassign_1
fail_to_reassign_1
fail_to_reassign_1
fail_to_reassign_1
fail_to_reassign_1
fail_to_reassign_1
fail_to_reassign_1
fail_to_reassign_1
WARNING!_Failed_to_detect_LED!
/Users/DoerLBH/Dropbox/git/OLab_IntanEphys/Data/Normal-012616/Ctrl-012616-S3_160126
---------------------
Ctrl-012616-S4_160126
---------------------
normal
fail_to_reassign_1
fail_to_reassign_1
fail_to_reassign_1
fail_to_reassign_1
fail_to_reassign_1
fail_to_reassign_1
fail_to_reassign_1
fail_to_reassign_1
fail_to_reassign_1
fail_to_reassign_1
fail_to_reassign_1
fail_to_reassign_1
WARNING!_Failed_to_detect_LED!
/Users/DoerLBH/Dropbox/git/OLab_IntanEphys/Data/Normal-012616/Ctrl-012616-S4_160126
---------------------
Ctrl-012616-S5_160126
---------------------
normal
fail_to_reassign_1
fail_to_reassign_1
fail_to_reassign_1
fail_to_reassign_1
fail_to_reassign_1
fail_to_reassign_1
fail_to_reassign_1
fail_to_reassign_1
fail_to_reassign_1
fail_to_reassign_1
WARNING!_Failed_to_detect_LED!
/Users/DoerLBH/Dropbox/git/OLab_IntanEphys/Data/Normal-012616/Ctrl-012616-S5_160126
---------------------
Ctrl-012616-S6_160126
---------------------
normal
fail_to_reassign_1
fail_to_reassign_1
fail_to_reassign_1
fail_to_reassign_1
fail_to_reassign_1
fail_to_reassign_1
fail_to_reassign_1
fail_to_reassign_1
fail_to_reassign_1
fail_to_reassign_1
fail_to_reassign_1
fail_to_reassign_1
fail_to_reassign_1
fail_to_reassign_1
fail_to_reassign_1
fail_to_reassign_1
fail_to_reassign_1
fail_to_reassign_1
fail_to_reassign_1
fail_to_reassign_1
fail_to_reassign_1
fail_to_reassign_1
fail_to_reassign_1
fail_to_reassign_1
WARNING!_Failed_to_detect_LED!
/Users/DoerLBH/Dropbox/git/OLab_IntanEphys/Data/Normal-012616/Ctrl-012616-S6_160126
---------------------
Ctrl-012616-S7_160126
---------------------
normal
fail_to_reassign_1
fail_to_reassign_1
fail_to_reassign_1
fail_to_reassign_1
fail_to_reassign_1
fail_to_reassign_1
fail_to_reassign_1
fail_to_reassign_1
fail_to_reassign_1
WARNING!_Failed_to_detect_LED!
/Users/DoerLBH/Dropbox/git/OLab_IntanEphys/Data/Normal-012616/Ctrl-012616-S7_160126
---------------------
Ctrl-012616-S8_160126
---------------------
normal
fail_to_reassign_1
fail_to_reassign_1
fail_to_reassign_1
fail_to_reassign_1
fail_to_reassign_1
fail_to_reassign_1
fail_to_reassign_1
fail_to_reassign_1
fail_to_reassign_1
fail_to_reassign_1
fail_to_reassign_1
fail_to_reassign_1
fail_to_reassign_1
fail_to_reassign_1
fail_to_reassign_1
fail_to_reassign_1
fail_to_reassign_1
WARNING!_Failed_to_detect_LED!
/Users/DoerLBH/Dropbox/git/OLab_IntanEphys/Data/Normal-012616/Ctrl-012616-S8_160126
---------------------
Ctrl-012616-S9_160126
---------------------
normal
fail_to_reassign_1
fail_to_reassign_1
fail_to_reassign_1
fail_to_reassign_1
fail_to_reassign_1
fail_to_reassign_1
fail_to_reassign_1
fail_to_reassign_1
fail_to_reassign_1
fail_to_reassign_1
fail_to_reassign_1
fail_to_reassign_1
fail_to_reassign_1
fail_to_reassign_1
fail_to_reassign_1
    31

    69

/Users/DoerLBH/Dropbox/git/OLab_IntanEphys/Data/Normal-012616
09-May-2016
Ctrl-012616-S10
---------------------
normal
    29

    25

   29.8621

   26.6552

   23.2800

   23.9200

---------------------
Ctrl-012616-S11
---------------------
normal
    25

    19

   21.1600

   18.1200

   11.2632

   11.5789

---------------------
Ctrl-012616-S3
---------------------
normal
fail_to_reassign_amp_1
fail_to_reassign_amp_1
fail_to_reassign_amp_1
fail_to_reassign_amp_1
fail_to_reassign_amp_1
fail_to_reassign_amp_1
fail_to_reassign_amp_1
fail_to_reassign_amp_1
fail_to_reassign_amp_1
fail_to_reassign_amp_1
Ctrl-012616-S4
---------------------
normal
fail_to_reassign_amp_1
fail_to_reassign_amp_1
fail_to_reassign_amp_1
fail_to_reassign_amp_1
fail_to_reassign_amp_1
fail_to_reassign_amp_1
fail_to_reassign_amp_1
fail_to_reassign_amp_1
fail_to_reassign_amp_1
fail_to_reassign_amp_1
fail_to_reassign_amp_1
fail_to_reassign_amp_1
Ctrl-012616-S5
---------------------
normal
fail_to_reassign_amp_1
fail_to_reassign_amp_1
fail_to_reassign_amp_1
fail_to_reassign_amp_1
fail_to_reassign_amp_1
fail_to_reassign_amp_1
fail_to_reassign_amp_1
fail_to_reassign_amp_1
fail_to_reassign_amp_1
fail_to_reassign_amp_1
Ctrl-012616-S6
---------------------
normal
fail_to_reassign_amp_1
fail_to_reassign_amp_1
fail_to_reassign_amp_1
fail_to_reassign_amp_1
fail_to_reassign_amp_1
fail_to_reassign_amp_1
fail_to_reassign_amp_1
fail_to_reassign_amp_1
fail_to_reassign_amp_1
fail_to_reassign_amp_1
fail_to_reassign_amp_1
fail_to_reassign_amp_1
fail_to_reassign_amp_1
fail_to_reassign_amp_1
fail_to_reassign_amp_1
fail_to_reassign_amp_1
fail_to_reassign_amp_1
fail_to_reassign_amp_1
fail_to_reassign_amp_1
fail_to_reassign_amp_1
fail_to_reassign_amp_1
fail_to_reassign_amp_1
fail_to_reassign_amp_1
fail_to_reassign_amp_1
Ctrl-012616-S7
---------------------
normal
fail_to_reassign_amp_1
fail_to_reassign_amp_1
fail_to_reassign_amp_1
fail_to_reassign_amp_1
fail_to_reassign_amp_1
fail_to_reassign_amp_1
fail_to_reassign_amp_1
fail_to_reassign_amp_1
fail_to_reassign_amp_1
Ctrl-012616-S8
---------------------
normal
fail_to_reassign_amp_1
fail_to_reassign_amp_1
fail_to_reassign_amp_1
fail_to_reassign_amp_1
fail_to_reassign_amp_1
fail_to_reassign_amp_1
fail_to_reassign_amp_1
fail_to_reassign_amp_1
fail_to_reassign_amp_1
fail_to_reassign_amp_1
fail_to_reassign_amp_1
fail_to_reassign_amp_1
fail_to_reassign_amp_1
fail_to_reassign_amp_1
fail_to_reassign_amp_1
fail_to_reassign_amp_1
fail_to_reassign_amp_1
Ctrl-012616-S9
---------------------
normal
fail_to_reassign_amp_1
fail_to_reassign_amp_1
fail_to_reassign_amp_1
fail_to_reassign_amp_1
fail_to_reassign_amp_1
fail_to_reassign_amp_1
fail_to_reassign_amp_1
fail_to_reassign_amp_1
fail_to_reassign_amp_1
fail_to_reassign_amp_1
fail_to_reassign_amp_1
fail_to_reassign_amp_1
fail_to_reassign_amp_1
fail_to_reassign_amp_1
fail_to_reassign_amp_1
