/Users/DoerLBH/Dropbox/git/OLab_IntanEphys/Data/albino-012816
09-May-2016
albino-012816-S10
---------------------
normal
     1

     4

     3

     1

     6

    2.2500

---------------------
albino-012816-S11
---------------------
normal
    11

    13

    7.7273

    3.9091

    8.2308

    4.7692

---------------------
albino-012816-S12
---------------------
normal
     4

     6

    3.5000

     3

    5.6667

    3.1667

---------------------
albino-012816-S13
---------------------
normal
    34

    47

    4.9706

    4.0294

    4.9574

    3.3191

---------------------
albino-012816-S14
---------------------
normal
    34

    97

    7.4118

    3.0588

   12.1546

    7.6907

---------------------
albino-012816-S15
---------------------
normal
    31

    38

    7.4839

    4.4839

    7.9737

    5.0263

---------------------
albino-012816-S1
---------------------
normal
fail_to_reassign_amp_1
fail_to_reassign_amp_1
fail_to_reassign_amp_1
fail_to_reassign_amp_1
fail_to_reassign_amp_1
albino-012816-S3
---------------------
normal
     7

    10

   18.5714

   16.4286

   18.9000

   16.5000

---------------------
albino-012816-S4
---------------------
normal
{Operation terminated by user during <a href="matlab:matlab.internal.language.introspective.errorDocCallback('fast_arrange_Intan_RHD', '/Users/DoerLBH/Dropbox/git/OLab_IntanEphys/fast_arrange_Intan_RHD.m', 321)" style="font-weight:bold">fast_arrange_Intan_RHD</a> (<a href="matlab: opentoline('/Users/DoerLBH/Dropbox/git/OLab_IntanEphys/fast_arrange_Intan_RHD.m',321,0)">line 321</a>)


In <a href="matlab:matlab.internal.language.introspective.errorDocCallback('fast_160504_IntanEphysAnalysis', '/Users/DoerLBH/Dropbox/git/OLab_IntanEphys/fast_160504_IntanEphysAnalysis.m', 148)" style="font-weight:bold">fast_160504_IntanEphysAnalysis</a> (<a href="matlab: opentoline('/Users/DoerLBH/Dropbox/git/OLab_IntanEphys/fast_160504_IntanEphysAnalysis.m',148,0)">line 148</a>)
                fast_arrange_Intan_RHD(files{ind});
} 
path

path =

/Users/DoerLBH/Dropbox/git/OLab_IntanEphys/Data/albino-012816

fast_160504_IntanEphysAnalysis
e.g.  /Users/DoerLBH/Dropbox/git/OLab_IntanEphys/Data
What is your folder?: /Users/DoerLBH/Dropbox/git/OLab_IntanEphys/Data/albino-012816
mkdir: /Users/DoerLBH/Dropbox/git/OLab_IntanEphys/Data/albino-012816/output-09-May-2016: File exists
