/Users/DoerLBH/Dropbox/git/OLab_IntanEphys/Data/albcal-050516
12-May-2016
alb-cal-050516-s1
---------------------
normal
    31

    21

   20.7097

   17.4516

    9.8571

    9.3810

---------------------
alb-cal-050516-s2
---------------------
normal
    35

    21

   14.5143

    5.5429

    5.4762

    3.0476

---------------------
alb-cal-050516-s3
---------------------
normal
    22

    21

    6.8182

    6.1818

     5

    5.8571

---------------------
alb-cal-050516-s4
---------------------
normal
    15

     9

   15.4667

   21.6000

   24.8889

   17.4444

---------------------
alb-cal-050516-s5
---------------------
normal
     6

     4

    4.6667

    6.1667

    5.5000

    3.7500

---------------------
alb-cal-050516-s6
---------------------
normal
    28

    22

   21.0357

   15.2857

    9.3182

   14.3636

---------------------
alb-cal-050516-s7
---------------------
normal
    34

    25

   23.2941

   19.5294

   11.6400

   10.2400

---------------------
alb-cal-050516-s8
---------------------
normal
    46

    37

   44.4565

   23.8478

   13.4324

   18.1892

---------------------
